Sat Jan 27, 2018 18:29:38: The stack pointer for stack 'CSTACK' (currently 0x00201F70) is outside the stack range (0x0020CA30 to 0x0020DA30)


 << Logging to file resumes >> 

Sat Jan 27, 2018 18:29:49: Loaded macro file: C:\Program Files (x86)\IAR Systems\Embedded Workbench 8.0\arm\config\flashloader\ATMEL\resources\FlashAT91SAM7Sxx.mac
Sat Jan 27, 2018 18:29:52: JLINK command: ProjectFile = C:\Users\geirhei\Documents\nxt-robot\NXT\ARM7_AT91SAM7S64_IAR\settings\nxt_kartlegging_Flash Bin.jlink, return = 0

Sat Jan 27, 2018 18:29:52: Device "AT91SAM7S256" selected.
Sat Jan 27, 2018 18:29:52: DLL version: V6.20f, compiled Oct 13 2017 17:18:41

Sat Jan 27, 2018 18:29:52: Firmware: J-Link V9 compiled Dec  1 2017 14:40:21

Sat Jan 27, 2018 18:29:52: JTAG speed is initially set to: 1000 kHz
Sat Jan 27, 2018 18:29:52: Initial reset was performed
Sat Jan 27, 2018 18:29:52: TotalIRLen = 4, IRPrint = 0x01
Sat Jan 27, 2018 18:29:52: JTAG chain detection found 1 devices:
Sat Jan 27, 2018 18:29:52:  #0 Id: 0x3F0F0F0F, IRLen: 04, ARM7TDMI Core
Sat Jan 27, 2018 18:29:52: Found 1 JTAG device, Total IRLen = 4:

Sat Jan 27, 2018 18:29:52:  #0 Id: 0x3F0F0F0F, IRLen:  4, IRPrint: 0x1 ARM7TDMI Core

Sat Jan 27, 2018 18:29:52: J-Link found 1 JTAG device(s). ARM core Id: 3F0F0F0F ARM7

Sat Jan 27, 2018 18:29:52:  ---------------------------------------- FLASH Download V1.3
Sat Jan 27, 2018 18:29:52:  ---------------------------------------- 14/November/2005
Sat Jan 27, 2018 18:29:52:  ---------------------------------------- PLL Enable 
Sat Jan 27, 2018 18:29:52: -------------------------------Set CPSR  ----------------------------------
Sat Jan 27, 2018 18:29:52: CPSR     000000D3
Sat Jan 27, 2018 18:29:52:  ---------------------------------------- PLL Enable 
Sat Jan 27, 2018 18:29:52: ------------------------------- The Remap is NOT -----------------------------------------
Sat Jan 27, 2018 18:29:52:  ---------------------------------------- Chip ID   0x270B0941
Sat Jan 27, 2018 18:29:52:  ---------------------------------------- Extention 0x00000000
Sat Jan 27, 2018 18:29:52:  ---------------------------------------- Flash Version 0x00000112
Sat Jan 27, 2018 18:29:52: -------------------------------Set PC ----------------------------------------
Sat Jan 27, 2018 18:29:52: Adaptive clocking not supported for selected CPU core. Only supported for -S cores.
Sat Jan 27, 2018 18:29:52: Auto JTAG speed: 8000 kHz
Sat Jan 27, 2018 18:29:53: 8448 bytes downloaded (105.77 Kbytes/sec)
Sat Jan 27, 2018 18:29:53: Loaded debugee: C:\Program Files (x86)\IAR Systems\Embedded Workbench 8.0\arm\config\flashloader\ATMEL\AT91SAM7S256-EK\internalflash-sam7s256.out
Sat Jan 27, 2018 18:29:53: Target reset
Sat Jan 27, 2018 18:29:53: -I- Internal flash loader
Sat Jan 27, 2018 18:29:53: -I- Unlock arguments: address 0x00100000 of 0x4000 Bytes
Sat Jan 27, 2018 18:29:53: -I- Write arguments: address 0x00100000,  offset 0x0 of 0x4000 Bytes
Sat Jan 27, 2018 18:29:53: -I- Unlock arguments: address 0x00104000 of 0x4000 Bytes
Sat Jan 27, 2018 18:29:53: -I- Write arguments: address 0x00104000,  offset 0x0 of 0x3700 Bytes
Sat Jan 27, 2018 18:29:54: execUserFlashExit
Sat Jan 27, 2018 18:29:54: ------------------------------- The Remap is done -----------------------------------------
Sat Jan 27, 2018 18:29:54: Unloaded macro file: C:\Program Files (x86)\IAR Systems\Embedded Workbench 8.0\arm\config\flashloader\ATMEL\resources\FlashAT91SAM7Sxx.mac
Sat Jan 27, 2018 18:29:54: Downloaded C:\Users\geirhei\Documents\nxt-robot\NXT\ARM7_AT91SAM7S64_IAR\Flash Bin\Exe\rtosdemo.out to flash memory.
Sat Jan 27, 2018 18:29:54: 30443 bytes downloaded into FLASH (25.37 Kbytes/sec)
Sat Jan 27, 2018 18:29:54: Loaded debugee: C:\Users\geirhei\Documents\nxt-robot\NXT\ARM7_AT91SAM7S64_IAR\Flash Bin\Exe\rtosdemo.out
Sat Jan 27, 2018 18:29:54: Software reset was performed
Sat Jan 27, 2018 18:29:54: Target reset
Sat Jan 27, 2018 18:29:57: Error (col 15): No such field. 
Sat Jan 27, 2018 18:29:57: Error (col 15): No such field. 
Sat Jan 27, 2018 18:29:57: Error (col 15): No such field. 


 << Logging to file resumes >> 

Sat Jan 27, 2018 18:39:07: Loaded macro file: C:\Program Files (x86)\IAR Systems\Embedded Workbench 8.0\arm\config\flashloader\ATMEL\resources\FlashAT91SAM7Sxx.mac
Sat Jan 27, 2018 18:39:08: JLINK command: ProjectFile = C:\Users\geirhei\Documents\nxt-robot\NXT\ARM7_AT91SAM7S64_IAR\settings\nxt_kartlegging_Flash Bin.jlink, return = 0

Sat Jan 27, 2018 18:39:08: Device "AT91SAM7S256" selected.
Sat Jan 27, 2018 18:39:08: DLL version: V6.20f, compiled Oct 13 2017 17:18:41

Sat Jan 27, 2018 18:39:08: Firmware: J-Link V9 compiled Dec  1 2017 14:40:21

Sat Jan 27, 2018 18:39:08: JTAG speed is initially set to: 1000 kHz
Sat Jan 27, 2018 18:39:08: Initial reset was performed
Sat Jan 27, 2018 18:39:08: TotalIRLen = 4, IRPrint = 0x01
Sat Jan 27, 2018 18:39:08: JTAG chain detection found 1 devices:
Sat Jan 27, 2018 18:39:08:  #0 Id: 0x3F0F0F0F, IRLen: 04, ARM7TDMI Core
Sat Jan 27, 2018 18:39:08: Found 1 JTAG device, Total IRLen = 4:

Sat Jan 27, 2018 18:39:08:  #0 Id: 0x3F0F0F0F, IRLen:  4, IRPrint: 0x1 ARM7TDMI Core

Sat Jan 27, 2018 18:39:08: J-Link found 1 JTAG device(s). ARM core Id: 3F0F0F0F ARM7

Sat Jan 27, 2018 18:39:08:  ---------------------------------------- FLASH Download V1.3
Sat Jan 27, 2018 18:39:08:  ---------------------------------------- 14/November/2005
Sat Jan 27, 2018 18:39:08:  ---------------------------------------- PLL Enable 
Sat Jan 27, 2018 18:39:08: -------------------------------Set CPSR  ----------------------------------
Sat Jan 27, 2018 18:39:08: CPSR     000000D3
Sat Jan 27, 2018 18:39:08:  ---------------------------------------- PLL Enable 
Sat Jan 27, 2018 18:39:08: ------------------------------- The Remap is NOT -----------------------------------------
Sat Jan 27, 2018 18:39:08:  ---------------------------------------- Chip ID   0x270B0941
Sat Jan 27, 2018 18:39:08:  ---------------------------------------- Extention 0x00000000
Sat Jan 27, 2018 18:39:08:  ---------------------------------------- Flash Version 0x00000112
Sat Jan 27, 2018 18:39:08: -------------------------------Set PC ----------------------------------------
Sat Jan 27, 2018 18:39:08: Adaptive clocking not supported for selected CPU core. Only supported for -S cores.
Sat Jan 27, 2018 18:39:08: Auto JTAG speed: 8000 kHz
Sat Jan 27, 2018 18:39:08: 8448 bytes downloaded (75.69 Kbytes/sec)
Sat Jan 27, 2018 18:39:08: Loaded debugee: C:\Program Files (x86)\IAR Systems\Embedded Workbench 8.0\arm\config\flashloader\ATMEL\AT91SAM7S256-EK\internalflash-sam7s256.out
Sat Jan 27, 2018 18:39:08: Target reset
Sat Jan 27, 2018 18:39:08: -I- Internal flash loader
Sat Jan 27, 2018 18:39:09: -I- Unlock arguments: address 0x00100000 of 0x4000 Bytes
Sat Jan 27, 2018 18:39:09: -I- Write arguments: address 0x00100000,  offset 0x0 of 0x4000 Bytes
Sat Jan 27, 2018 18:39:09: -I- Unlock arguments: address 0x00104000 of 0x4000 Bytes
Sat Jan 27, 2018 18:39:09: -I- Write arguments: address 0x00104000,  offset 0x0 of 0x3700 Bytes
Sat Jan 27, 2018 18:39:09: execUserFlashExit
Sat Jan 27, 2018 18:39:09: ------------------------------- The Remap is done -----------------------------------------
Sat Jan 27, 2018 18:39:09: Unloaded macro file: C:\Program Files (x86)\IAR Systems\Embedded Workbench 8.0\arm\config\flashloader\ATMEL\resources\FlashAT91SAM7Sxx.mac
Sat Jan 27, 2018 18:39:09: Downloaded C:\Users\geirhei\Documents\nxt-robot\NXT\ARM7_AT91SAM7S64_IAR\Flash Bin\Exe\rtosdemo.out to flash memory.
Sat Jan 27, 2018 18:39:10: 30443 bytes downloaded into FLASH (23.48 Kbytes/sec)
Sat Jan 27, 2018 18:39:10: Loaded debugee: C:\Users\geirhei\Documents\nxt-robot\NXT\ARM7_AT91SAM7S64_IAR\Flash Bin\Exe\rtosdemo.out
Sat Jan 27, 2018 18:39:10: Software reset was performed
Sat Jan 27, 2018 18:39:10: Target reset
Sat Jan 27, 2018 18:39:11: User error: Breakpoint type is only available when using J-Trace
Sat Jan 27, 2018 18:39:13: User error: Breakpoint type is only available when using J-Trace
Sat Jan 27, 2018 18:39:13: One or more breakpoints could not be set and have been disabled.
Sat Jan 27, 2018 18:39:14: There were 2 errors and 1 warning during the initialization of the debugging session.
Sat Jan 27, 2018 18:39:21: Error (col 15): No such field. 
Sat Jan 27, 2018 18:39:21: Error (col 15): No such field. 
Sat Jan 27, 2018 18:39:21: Error (col 15): No such field. 


 << Logging to file resumes >> 

Sat Jan 27, 2018 18:40:34: Loaded macro file: C:\Program Files (x86)\IAR Systems\Embedded Workbench 8.0\arm\config\flashloader\ATMEL\resources\FlashAT91SAM7Sxx.mac
Sat Jan 27, 2018 18:40:35: JLINK command: ProjectFile = C:\Users\geirhei\Documents\nxt-robot\NXT\ARM7_AT91SAM7S64_IAR\settings\nxt_kartlegging_Flash Bin.jlink, return = 0

Sat Jan 27, 2018 18:40:35: Device "AT91SAM7S256" selected.
Sat Jan 27, 2018 18:40:35: DLL version: V6.20f, compiled Oct 13 2017 17:18:41

Sat Jan 27, 2018 18:40:35: Firmware: J-Link V9 compiled Dec  1 2017 14:40:21

Sat Jan 27, 2018 18:40:35: JTAG speed is initially set to: 1000 kHz
Sat Jan 27, 2018 18:40:35: Initial reset was performed
Sat Jan 27, 2018 18:40:35: TotalIRLen = 4, IRPrint = 0x01
Sat Jan 27, 2018 18:40:35: JTAG chain detection found 1 devices:
Sat Jan 27, 2018 18:40:35:  #0 Id: 0x3F0F0F0F, IRLen: 04, ARM7TDMI Core
Sat Jan 27, 2018 18:40:35: Found 1 JTAG device, Total IRLen = 4:

Sat Jan 27, 2018 18:40:35:  #0 Id: 0x3F0F0F0F, IRLen:  4, IRPrint: 0x1 ARM7TDMI Core

Sat Jan 27, 2018 18:40:35: J-Link found 1 JTAG device(s). ARM core Id: 3F0F0F0F ARM7

Sat Jan 27, 2018 18:40:35:  ---------------------------------------- FLASH Download V1.3
Sat Jan 27, 2018 18:40:35:  ---------------------------------------- 14/November/2005
Sat Jan 27, 2018 18:40:35:  ---------------------------------------- PLL Enable 
Sat Jan 27, 2018 18:40:35: -------------------------------Set CPSR  ----------------------------------
Sat Jan 27, 2018 18:40:35: CPSR     000000D3
Sat Jan 27, 2018 18:40:35:  ---------------------------------------- PLL Enable 
Sat Jan 27, 2018 18:40:35: ------------------------------- The Remap is NOT -----------------------------------------
Sat Jan 27, 2018 18:40:35:  ---------------------------------------- Chip ID   0x270B0941
Sat Jan 27, 2018 18:40:35:  ---------------------------------------- Extention 0x00000000
Sat Jan 27, 2018 18:40:35:  ---------------------------------------- Flash Version 0x00000112
Sat Jan 27, 2018 18:40:35: -------------------------------Set PC ----------------------------------------
Sat Jan 27, 2018 18:40:35: Adaptive clocking not supported for selected CPU core. Only supported for -S cores.
Sat Jan 27, 2018 18:40:35: Auto JTAG speed: 8000 kHz
Sat Jan 27, 2018 18:40:35: 8448 bytes downloaded (66.00 Kbytes/sec)
Sat Jan 27, 2018 18:40:35: Loaded debugee: C:\Program Files (x86)\IAR Systems\Embedded Workbench 8.0\arm\config\flashloader\ATMEL\AT91SAM7S256-EK\internalflash-sam7s256.out
Sat Jan 27, 2018 18:40:35: Target reset
Sat Jan 27, 2018 18:40:35: -I- Internal flash loader
Sat Jan 27, 2018 18:40:35: -I- Unlock arguments: address 0x00100000 of 0x4000 Bytes
Sat Jan 27, 2018 18:40:35: -I- Write arguments: address 0x00100000,  offset 0x0 of 0x4000 Bytes
Sat Jan 27, 2018 18:40:36: -I- Unlock arguments: address 0x00104000 of 0x4000 Bytes
Sat Jan 27, 2018 18:40:36: -I- Write arguments: address 0x00104000,  offset 0x0 of 0x3700 Bytes
Sat Jan 27, 2018 18:40:36: execUserFlashExit
Sat Jan 27, 2018 18:40:36: ------------------------------- The Remap is done -----------------------------------------
Sat Jan 27, 2018 18:40:36: Unloaded macro file: C:\Program Files (x86)\IAR Systems\Embedded Workbench 8.0\arm\config\flashloader\ATMEL\resources\FlashAT91SAM7Sxx.mac
Sat Jan 27, 2018 18:40:36: Downloaded C:\Users\geirhei\Documents\nxt-robot\NXT\ARM7_AT91SAM7S64_IAR\Flash Bin\Exe\rtosdemo.out to flash memory.
Sat Jan 27, 2018 18:40:36: 30443 bytes downloaded into FLASH (22.39 Kbytes/sec)
Sat Jan 27, 2018 18:40:36: Loaded debugee: C:\Users\geirhei\Documents\nxt-robot\NXT\ARM7_AT91SAM7S64_IAR\Flash Bin\Exe\rtosdemo.out
Sat Jan 27, 2018 18:40:36: Software reset was performed
Sat Jan 27, 2018 18:40:36: Target reset
Sat Jan 27, 2018 18:40:37: Failed to enable illegal breakpoint definition 'PointBuffer'
Sat Jan 27, 2018 18:40:37: One or more breakpoints could not be set and have been disabled.
Sat Jan 27, 2018 18:40:39: There was 1 warning during the initialization of the debugging session.
Sat Jan 27, 2018 18:40:41: Error (col 15): No such field. 
Sat Jan 27, 2018 18:40:41: Error (col 15): No such field. 
Sat Jan 27, 2018 18:40:41: Error (col 15): No such field. 


 << Logging to file resumes >> 

Sat Jan 27, 2018 18:41:29: Loaded macro file: C:\Program Files (x86)\IAR Systems\Embedded Workbench 8.0\arm\config\flashloader\ATMEL\resources\FlashAT91SAM7Sxx.mac
Sat Jan 27, 2018 18:41:30: JLINK command: ProjectFile = C:\Users\geirhei\Documents\nxt-robot\NXT\ARM7_AT91SAM7S64_IAR\settings\nxt_kartlegging_Flash Bin.jlink, return = 0

Sat Jan 27, 2018 18:41:30: Device "AT91SAM7S256" selected.
Sat Jan 27, 2018 18:41:30: DLL version: V6.20f, compiled Oct 13 2017 17:18:41

Sat Jan 27, 2018 18:41:30: Firmware: J-Link V9 compiled Dec  1 2017 14:40:21

Sat Jan 27, 2018 18:41:30: JTAG speed is initially set to: 1000 kHz
Sat Jan 27, 2018 18:41:30: Initial reset was performed
Sat Jan 27, 2018 18:41:30: TotalIRLen = 4, IRPrint = 0x01
Sat Jan 27, 2018 18:41:30: JTAG chain detection found 1 devices:
Sat Jan 27, 2018 18:41:30:  #0 Id: 0x3F0F0F0F, IRLen: 04, ARM7TDMI Core
Sat Jan 27, 2018 18:41:30: Found 1 JTAG device, Total IRLen = 4:

Sat Jan 27, 2018 18:41:30:  #0 Id: 0x3F0F0F0F, IRLen:  4, IRPrint: 0x1 ARM7TDMI Core

Sat Jan 27, 2018 18:41:30: J-Link found 1 JTAG device(s). ARM core Id: 3F0F0F0F ARM7

Sat Jan 27, 2018 18:41:30:  ---------------------------------------- FLASH Download V1.3
Sat Jan 27, 2018 18:41:30:  ---------------------------------------- 14/November/2005
Sat Jan 27, 2018 18:41:30:  ---------------------------------------- PLL Enable 
Sat Jan 27, 2018 18:41:30: -------------------------------Set CPSR  ----------------------------------
Sat Jan 27, 2018 18:41:30: CPSR     000000D3
Sat Jan 27, 2018 18:41:30:  ---------------------------------------- PLL Enable 
Sat Jan 27, 2018 18:41:30: ------------------------------- The Remap is NOT -----------------------------------------
Sat Jan 27, 2018 18:41:30:  ---------------------------------------- Chip ID   0x270B0941
Sat Jan 27, 2018 18:41:30:  ---------------------------------------- Extention 0x00000000
Sat Jan 27, 2018 18:41:30:  ---------------------------------------- Flash Version 0x00000112
Sat Jan 27, 2018 18:41:30: -------------------------------Set PC ----------------------------------------
Sat Jan 27, 2018 18:41:30: Adaptive clocking not supported for selected CPU core. Only supported for -S cores.
Sat Jan 27, 2018 18:41:30: Auto JTAG speed: 8000 kHz
Sat Jan 27, 2018 18:41:30: 8448 bytes downloaded (105.77 Kbytes/sec)
Sat Jan 27, 2018 18:41:30: Loaded debugee: C:\Program Files (x86)\IAR Systems\Embedded Workbench 8.0\arm\config\flashloader\ATMEL\AT91SAM7S256-EK\internalflash-sam7s256.out
Sat Jan 27, 2018 18:41:30: Target reset
Sat Jan 27, 2018 18:41:30: -I- Internal flash loader
Sat Jan 27, 2018 18:41:30: -I- Unlock arguments: address 0x00100000 of 0x4000 Bytes
Sat Jan 27, 2018 18:41:30: -I- Write arguments: address 0x00100000,  offset 0x0 of 0x4000 Bytes
Sat Jan 27, 2018 18:41:31: -I- Unlock arguments: address 0x00104000 of 0x4000 Bytes
Sat Jan 27, 2018 18:41:31: -I- Write arguments: address 0x00104000,  offset 0x0 of 0x3700 Bytes
Sat Jan 27, 2018 18:41:31: execUserFlashExit
Sat Jan 27, 2018 18:41:31: ------------------------------- The Remap is done -----------------------------------------
Sat Jan 27, 2018 18:41:31: Unloaded macro file: C:\Program Files (x86)\IAR Systems\Embedded Workbench 8.0\arm\config\flashloader\ATMEL\resources\FlashAT91SAM7Sxx.mac
Sat Jan 27, 2018 18:41:31: Downloaded C:\Users\geirhei\Documents\nxt-robot\NXT\ARM7_AT91SAM7S64_IAR\Flash Bin\Exe\rtosdemo.out to flash memory.
Sat Jan 27, 2018 18:41:31: 30443 bytes downloaded into FLASH (23.50 Kbytes/sec)
Sat Jan 27, 2018 18:41:31: Loaded debugee: C:\Users\geirhei\Documents\nxt-robot\NXT\ARM7_AT91SAM7S64_IAR\Flash Bin\Exe\rtosdemo.out
Sat Jan 27, 2018 18:41:31: Software reset was performed
Sat Jan 27, 2018 18:41:31: Target reset
Sat Jan 27, 2018 18:41:32: Failed to enable illegal breakpoint definition 'PointBuffer'
Sat Jan 27, 2018 18:41:32: One or more breakpoints could not be set and have been disabled.
Sat Jan 27, 2018 18:41:33: There was 1 warning during the initialization of the debugging session.
Sat Jan 27, 2018 18:41:35: Error (col 15): No such field. 
Sat Jan 27, 2018 18:41:35: Error (col 15): No such field. 
Sat Jan 27, 2018 18:41:35: Error (col 15): No such field. 


 << Logging to file resumes >> 

Sat Jan 27, 2018 18:42:42: Loaded macro file: C:\Program Files (x86)\IAR Systems\Embedded Workbench 8.0\arm\config\flashloader\ATMEL\resources\FlashAT91SAM7Sxx.mac
Sat Jan 27, 2018 18:42:43: JLINK command: ProjectFile = C:\Users\geirhei\Documents\nxt-robot\NXT\ARM7_AT91SAM7S64_IAR\settings\nxt_kartlegging_Flash Bin.jlink, return = 0

Sat Jan 27, 2018 18:42:43: Device "AT91SAM7S256" selected.
Sat Jan 27, 2018 18:42:43: DLL version: V6.20f, compiled Oct 13 2017 17:18:41

Sat Jan 27, 2018 18:42:43: Firmware: J-Link V9 compiled Dec  1 2017 14:40:21

Sat Jan 27, 2018 18:42:43: JTAG speed is initially set to: 1000 kHz
Sat Jan 27, 2018 18:42:43: Initial reset was performed
Sat Jan 27, 2018 18:42:43: TotalIRLen = 4, IRPrint = 0x01
Sat Jan 27, 2018 18:42:43: JTAG chain detection found 1 devices:
Sat Jan 27, 2018 18:42:43:  #0 Id: 0x3F0F0F0F, IRLen: 04, ARM7TDMI Core
Sat Jan 27, 2018 18:42:43: Found 1 JTAG device, Total IRLen = 4:

Sat Jan 27, 2018 18:42:43:  #0 Id: 0x3F0F0F0F, IRLen:  4, IRPrint: 0x1 ARM7TDMI Core

Sat Jan 27, 2018 18:42:43: J-Link found 1 JTAG device(s). ARM core Id: 3F0F0F0F ARM7

Sat Jan 27, 2018 18:42:43:  ---------------------------------------- FLASH Download V1.3
Sat Jan 27, 2018 18:42:43:  ---------------------------------------- 14/November/2005
Sat Jan 27, 2018 18:42:43:  ---------------------------------------- PLL Enable 
Sat Jan 27, 2018 18:42:43: -------------------------------Set CPSR  ----------------------------------
Sat Jan 27, 2018 18:42:43: CPSR     000000D3
Sat Jan 27, 2018 18:42:43:  ---------------------------------------- PLL Enable 
Sat Jan 27, 2018 18:42:43: ------------------------------- The Remap is NOT -----------------------------------------
Sat Jan 27, 2018 18:42:43:  ---------------------------------------- Chip ID   0x270B0941
Sat Jan 27, 2018 18:42:43:  ---------------------------------------- Extention 0x00000000
Sat Jan 27, 2018 18:42:43:  ---------------------------------------- Flash Version 0x00000112
Sat Jan 27, 2018 18:42:43: -------------------------------Set PC ----------------------------------------
Sat Jan 27, 2018 18:42:43: Adaptive clocking not supported for selected CPU core. Only supported for -S cores.
Sat Jan 27, 2018 18:42:43: Auto JTAG speed: 8000 kHz
Sat Jan 27, 2018 18:42:43: 8448 bytes downloaded (75.69 Kbytes/sec)
Sat Jan 27, 2018 18:42:43: Loaded debugee: C:\Program Files (x86)\IAR Systems\Embedded Workbench 8.0\arm\config\flashloader\ATMEL\AT91SAM7S256-EK\internalflash-sam7s256.out
Sat Jan 27, 2018 18:42:43: Target reset
Sat Jan 27, 2018 18:42:43: -I- Internal flash loader
Sat Jan 27, 2018 18:42:43: -I- Unlock arguments: address 0x00100000 of 0x4000 Bytes
Sat Jan 27, 2018 18:42:43: -I- Write arguments: address 0x00100000,  offset 0x0 of 0x4000 Bytes
Sat Jan 27, 2018 18:42:43: -I- Unlock arguments: address 0x00104000 of 0x4000 Bytes
Sat Jan 27, 2018 18:42:43: -I- Write arguments: address 0x00104000,  offset 0x0 of 0x3700 Bytes
Sat Jan 27, 2018 18:42:44: execUserFlashExit
Sat Jan 27, 2018 18:42:44: ------------------------------- The Remap is done -----------------------------------------
Sat Jan 27, 2018 18:42:44: Unloaded macro file: C:\Program Files (x86)\IAR Systems\Embedded Workbench 8.0\arm\config\flashloader\ATMEL\resources\FlashAT91SAM7Sxx.mac
Sat Jan 27, 2018 18:42:44: Downloaded C:\Users\geirhei\Documents\nxt-robot\NXT\ARM7_AT91SAM7S64_IAR\Flash Bin\Exe\rtosdemo.out to flash memory.
Sat Jan 27, 2018 18:42:44: 30443 bytes downloaded into FLASH (23.78 Kbytes/sec)
Sat Jan 27, 2018 18:42:44: Loaded debugee: C:\Users\geirhei\Documents\nxt-robot\NXT\ARM7_AT91SAM7S64_IAR\Flash Bin\Exe\rtosdemo.out
Sat Jan 27, 2018 18:42:44: Software reset was performed
Sat Jan 27, 2018 18:42:44: Target reset
Sat Jan 27, 2018 18:42:45: Failed to enable illegal breakpoint definition 'PointBuffer'
Sat Jan 27, 2018 18:42:45: One or more breakpoints could not be set and have been disabled.
Sat Jan 27, 2018 18:42:45: There was 1 warning during the initialization of the debugging session.
Sat Jan 27, 2018 18:42:47: Error (col 15): No such field. 
Sat Jan 27, 2018 18:42:47: Error (col 15): No such field. 
Sat Jan 27, 2018 18:42:47: Error (col 15): No such field. 


 << Logging to file resumes >> 

Sat Jan 27, 2018 18:43:08: Loaded macro file: C:\Program Files (x86)\IAR Systems\Embedded Workbench 8.0\arm\config\flashloader\ATMEL\resources\FlashAT91SAM7Sxx.mac
Sat Jan 27, 2018 18:43:09: JLINK command: ProjectFile = C:\Users\geirhei\Documents\nxt-robot\NXT\ARM7_AT91SAM7S64_IAR\settings\nxt_kartlegging_Flash Bin.jlink, return = 0

Sat Jan 27, 2018 18:43:09: Device "AT91SAM7S256" selected.
Sat Jan 27, 2018 18:43:09: DLL version: V6.20f, compiled Oct 13 2017 17:18:41

Sat Jan 27, 2018 18:43:09: Firmware: J-Link V9 compiled Dec  1 2017 14:40:21

Sat Jan 27, 2018 18:43:09: JTAG speed is initially set to: 1000 kHz
Sat Jan 27, 2018 18:43:09: Initial reset was performed
Sat Jan 27, 2018 18:43:09: TotalIRLen = 4, IRPrint = 0x01
Sat Jan 27, 2018 18:43:09: JTAG chain detection found 1 devices:
Sat Jan 27, 2018 18:43:09:  #0 Id: 0x3F0F0F0F, IRLen: 04, ARM7TDMI Core
Sat Jan 27, 2018 18:43:09: Found 1 JTAG device, Total IRLen = 4:

Sat Jan 27, 2018 18:43:09:  #0 Id: 0x3F0F0F0F, IRLen:  4, IRPrint: 0x1 ARM7TDMI Core

Sat Jan 27, 2018 18:43:09: J-Link found 1 JTAG device(s). ARM core Id: 3F0F0F0F ARM7

Sat Jan 27, 2018 18:43:09:  ---------------------------------------- FLASH Download V1.3
Sat Jan 27, 2018 18:43:09:  ---------------------------------------- 14/November/2005
Sat Jan 27, 2018 18:43:09:  ---------------------------------------- PLL Enable 
Sat Jan 27, 2018 18:43:09: -------------------------------Set CPSR  ----------------------------------
Sat Jan 27, 2018 18:43:09: CPSR     000000D3
Sat Jan 27, 2018 18:43:09:  ---------------------------------------- PLL Enable 
Sat Jan 27, 2018 18:43:09: ------------------------------- The Remap is NOT -----------------------------------------
Sat Jan 27, 2018 18:43:09:  ---------------------------------------- Chip ID   0x270B0941
Sat Jan 27, 2018 18:43:09:  ---------------------------------------- Extention 0x00000000
Sat Jan 27, 2018 18:43:09:  ---------------------------------------- Flash Version 0x00000112
Sat Jan 27, 2018 18:43:09: -------------------------------Set PC ----------------------------------------
Sat Jan 27, 2018 18:43:09: Adaptive clocking not supported for selected CPU core. Only supported for -S cores.
Sat Jan 27, 2018 18:43:09: Auto JTAG speed: 8000 kHz
Sat Jan 27, 2018 18:43:09: 8448 bytes downloaded (75.00 Kbytes/sec)
Sat Jan 27, 2018 18:43:09: Loaded debugee: C:\Program Files (x86)\IAR Systems\Embedded Workbench 8.0\arm\config\flashloader\ATMEL\AT91SAM7S256-EK\internalflash-sam7s256.out
Sat Jan 27, 2018 18:43:09: Target reset
Sat Jan 27, 2018 18:43:09: -I- Internal flash loader
Sat Jan 27, 2018 18:43:09: -I- Unlock arguments: address 0x00100000 of 0x4000 Bytes
Sat Jan 27, 2018 18:43:09: -I- Write arguments: address 0x00100000,  offset 0x0 of 0x4000 Bytes
Sat Jan 27, 2018 18:43:10: -I- Unlock arguments: address 0x00104000 of 0x4000 Bytes
Sat Jan 27, 2018 18:43:10: -I- Write arguments: address 0x00104000,  offset 0x0 of 0x3700 Bytes
Sat Jan 27, 2018 18:43:10: execUserFlashExit
Sat Jan 27, 2018 18:43:10: ------------------------------- The Remap is done -----------------------------------------
Sat Jan 27, 2018 18:43:10: Unloaded macro file: C:\Program Files (x86)\IAR Systems\Embedded Workbench 8.0\arm\config\flashloader\ATMEL\resources\FlashAT91SAM7Sxx.mac
Sat Jan 27, 2018 18:43:10: Downloaded C:\Users\geirhei\Documents\nxt-robot\NXT\ARM7_AT91SAM7S64_IAR\Flash Bin\Exe\rtosdemo.out to flash memory.
Sat Jan 27, 2018 18:43:10: 30443 bytes downloaded into FLASH (22.92 Kbytes/sec)
Sat Jan 27, 2018 18:43:10: Loaded debugee: C:\Users\geirhei\Documents\nxt-robot\NXT\ARM7_AT91SAM7S64_IAR\Flash Bin\Exe\rtosdemo.out
Sat Jan 27, 2018 18:43:10: Software reset was performed
Sat Jan 27, 2018 18:43:10: Target reset
Sat Jan 27, 2018 18:43:13: Error (col 15): No such field. 
Sat Jan 27, 2018 18:43:13: Error (col 15): No such field. 
Sat Jan 27, 2018 18:43:13: Error (col 15): No such field. 
Sat Jan 27, 2018 18:43:48: Breakpoint hit: Code @ mapping.c:147.2, type: default (auto) 
Sat Jan 27, 2018 18:43:48: The stack pointer for stack 'CSTACK' (currently 0x00201F48) is outside the stack range (0x0020CA30 to 0x0020DA30)
Sat Jan 27, 2018 18:45:46: The stack pointer for stack 'CSTACK' (currently 0x00201F48) is outside the stack range (0x0020CA30 to 0x0020DA30)
Sat Jan 27, 2018 18:45:53: The stack pointer for stack 'CSTACK' (currently 0x00201F48) is outside the stack range (0x0020CA30 to 0x0020DA30)
Sat Jan 27, 2018 18:46:00: The stack pointer for stack 'CSTACK' (currently 0x00201F48) is outside the stack range (0x0020CA30 to 0x0020DA30)
Sat Jan 27, 2018 18:46:01: The stack pointer for stack 'CSTACK' (currently 0x00201F48) is outside the stack range (0x0020CA30 to 0x0020DA30)
Sat Jan 27, 2018 18:52:25: The stack pointer for stack 'CSTACK' (currently 0x00201F48) is outside the stack range (0x0020CA30 to 0x0020DA30)
Sat Jan 27, 2018 18:52:27: The stack pointer for stack 'CSTACK' (currently 0x00201F48) is outside the stack range (0x0020CA30 to 0x0020DA30)
Sat Jan 27, 2018 18:53:48: The stack pointer for stack 'CSTACK' (currently 0x00201F48) is outside the stack range (0x0020CA30 to 0x0020DA30)
Sat Jan 27, 2018 18:53:56: The stack pointer for stack 'CSTACK' (currently 0x00201F48) is outside the stack range (0x0020CA30 to 0x0020DA30)
Sat Jan 27, 2018 18:53:58: The stack pointer for stack 'CSTACK' (currently 0x00201F48) is outside the stack range (0x0020CA30 to 0x0020DA30)
Sat Jan 27, 2018 18:53:59: The stack pointer for stack 'CSTACK' (currently 0x00201F48) is outside the stack range (0x0020CA30 to 0x0020DA30)
Sat Jan 27, 2018 18:54:04: The stack pointer for stack 'CSTACK' (currently 0x00201F48) is outside the stack range (0x0020CA30 to 0x0020DA30)
Sat Jan 27, 2018 18:54:04: The stack pointer for stack 'CSTACK' (currently 0x00201F48) is outside the stack range (0x0020CA30 to 0x0020DA30)
Sat Jan 27, 2018 18:54:05: The stack pointer for stack 'CSTACK' (currently 0x00201F48) is outside the stack range (0x0020CA30 to 0x0020DA30)
Sat Jan 27, 2018 18:54:05: The stack pointer for stack 'CSTACK' (currently 0x00201F48) is outside the stack range (0x0020CA30 to 0x0020DA30)
Sat Jan 27, 2018 18:54:06: The stack pointer for stack 'CSTACK' (currently 0x00201F48) is outside the stack range (0x0020CA30 to 0x0020DA30)
Sat Jan 27, 2018 18:54:06: The stack pointer for stack 'CSTACK' (currently 0x00201F48) is outside the stack range (0x0020CA30 to 0x0020DA30)
Sat Jan 27, 2018 18:54:07: The stack pointer for stack 'CSTACK' (currently 0x00201F48) is outside the stack range (0x0020CA30 to 0x0020DA30)
Sat Jan 27, 2018 18:54:07: The stack pointer for stack 'CSTACK' (currently 0x00201F48) is outside the stack range (0x0020CA30 to 0x0020DA30)
Sat Jan 27, 2018 18:54:08: The stack pointer for stack 'CSTACK' (currently 0x00201F48) is outside the stack range (0x0020CA30 to 0x0020DA30)
Sat Jan 27, 2018 18:54:14: The stack pointer for stack 'CSTACK' (currently 0x00201F48) is outside the stack range (0x0020CA30 to 0x0020DA30)
Sat Jan 27, 2018 18:54:15: The stack pointer for stack 'CSTACK' (currently 0x00201F48) is outside the stack range (0x0020CA30 to 0x0020DA30)
Sat Jan 27, 2018 18:56:06: The stack pointer for stack 'CSTACK' (currently 0x00201F48) is outside the stack range (0x0020CA30 to 0x0020DA30)
Sat Jan 27, 2018 18:56:15: The stack pointer for stack 'CSTACK' (currently 0x00201F48) is outside the stack range (0x0020CA30 to 0x0020DA30)
Sat Jan 27, 2018 18:56:17: The stack pointer for stack 'CSTACK' (currently 0x00201F48) is outside the stack range (0x0020CA30 to 0x0020DA30)
Sat Jan 27, 2018 18:56:46: The stack pointer for stack 'CSTACK' (currently 0x00201F48) is outside the stack range (0x0020CA30 to 0x0020DA30)
Sat Jan 27, 2018 18:57:53: The stack pointer for stack 'CSTACK' (currently 0x00201F48) is outside the stack range (0x0020CA30 to 0x0020DA30)
Sat Jan 27, 2018 18:58:10: The stack pointer for stack 'CSTACK' (currently 0x00201F48) is outside the stack range (0x0020CA30 to 0x0020DA30)
Sat Jan 27, 2018 18:58:40: The stack pointer for stack 'CSTACK' (currently 0x00201F48) is outside the stack range (0x0020CA30 to 0x0020DA30)
Sat Jan 27, 2018 18:58:44: The stack pointer for stack 'CSTACK' (currently 0x00201F48) is outside the stack range (0x0020CA30 to 0x0020DA30)
Sat Jan 27, 2018 18:58:49: The stack pointer for stack 'CSTACK' (currently 0x00201F48) is outside the stack range (0x0020CA30 to 0x0020DA30)
Sat Jan 27, 2018 18:58:52: The stack pointer for stack 'CSTACK' (currently 0x00201F48) is outside the stack range (0x0020CA30 to 0x0020DA30)
Sat Jan 27, 2018 18:59:07: The stack pointer for stack 'CSTACK' (currently 0x00201F48) is outside the stack range (0x0020CA30 to 0x0020DA30)
Sat Jan 27, 2018 18:59:13: The stack pointer for stack 'CSTACK' (currently 0x00201F48) is outside the stack range (0x0020CA30 to 0x0020DA30)
Sat Jan 27, 2018 18:59:14: The stack pointer for stack 'CSTACK' (currently 0x00201F48) is outside the stack range (0x0020CA30 to 0x0020DA30)
Sat Jan 27, 2018 18:59:17: The stack pointer for stack 'CSTACK' (currently 0x00201F48) is outside the stack range (0x0020CA30 to 0x0020DA30)
Sat Jan 27, 2018 18:59:19: The stack pointer for stack 'CSTACK' (currently 0x00201F48) is outside the stack range (0x0020CA30 to 0x0020DA30)
Sat Jan 27, 2018 18:59:21: The stack pointer for stack 'CSTACK' (currently 0x00201F48) is outside the stack range (0x0020CA30 to 0x0020DA30)
Sat Jan 27, 2018 18:59:24: The stack pointer for stack 'CSTACK' (currently 0x00201F48) is outside the stack range (0x0020CA30 to 0x0020DA30)
Sat Jan 27, 2018 18:59:25: The stack pointer for stack 'CSTACK' (currently 0x00201F48) is outside the stack range (0x0020CA30 to 0x0020DA30)
Sat Jan 27, 2018 18:59:26: The stack pointer for stack 'CSTACK' (currently 0x00201F48) is outside the stack range (0x0020CA30 to 0x0020DA30)
Sat Jan 27, 2018 18:59:26: The stack pointer for stack 'CSTACK' (currently 0x00201F48) is outside the stack range (0x0020CA30 to 0x0020DA30)
Sat Jan 27, 2018 18:59:27: The stack pointer for stack 'CSTACK' (currently 0x00201F48) is outside the stack range (0x0020CA30 to 0x0020DA30)
Sat Jan 27, 2018 18:59:27: The stack pointer for stack 'CSTACK' (currently 0x00201F48) is outside the stack range (0x0020CA30 to 0x0020DA30)
Sat Jan 27, 2018 18:59:28: The stack pointer for stack 'CSTACK' (currently 0x00201F48) is outside the stack range (0x0020CA30 to 0x0020DA30)
Sat Jan 27, 2018 18:59:28: The stack pointer for stack 'CSTACK' (currently 0x00201F48) is outside the stack range (0x0020CA30 to 0x0020DA30)
Sat Jan 27, 2018 18:59:29: The stack pointer for stack 'CSTACK' (currently 0x00201F48) is outside the stack range (0x0020CA30 to 0x0020DA30)
Sat Jan 27, 2018 18:59:29: The stack pointer for stack 'CSTACK' (currently 0x00201F48) is outside the stack range (0x0020CA30 to 0x0020DA30)
Sat Jan 27, 2018 18:59:30: The stack pointer for stack 'CSTACK' (currently 0x00201F48) is outside the stack range (0x0020CA30 to 0x0020DA30)
Sat Jan 27, 2018 18:59:30: The stack pointer for stack 'CSTACK' (currently 0x00201F48) is outside the stack range (0x0020CA30 to 0x0020DA30)
Sat Jan 27, 2018 18:59:30: The stack pointer for stack 'CSTACK' (currently 0x00201F48) is outside the stack range (0x0020CA30 to 0x0020DA30)
Sat Jan 27, 2018 18:59:31: The stack pointer for stack 'CSTACK' (currently 0x00201F48) is outside the stack range (0x0020CA30 to 0x0020DA30)
Sat Jan 27, 2018 18:59:31: The stack pointer for stack 'CSTACK' (currently 0x00201F48) is outside the stack range (0x0020CA30 to 0x0020DA30)
Sat Jan 27, 2018 18:59:31: The stack pointer for stack 'CSTACK' (currently 0x00201F48) is outside the stack range (0x0020CA30 to 0x0020DA30)
Sat Jan 27, 2018 18:59:32: The stack pointer for stack 'CSTACK' (currently 0x00201F48) is outside the stack range (0x0020CA30 to 0x0020DA30)
Sat Jan 27, 2018 19:00:07: The stack pointer for stack 'CSTACK' (currently 0x00201F48) is outside the stack range (0x0020CA30 to 0x0020DA30)
Sat Jan 27, 2018 19:00:28: The stack pointer for stack 'CSTACK' (currently 0x00201F48) is outside the stack range (0x0020CA30 to 0x0020DA30)
Sat Jan 27, 2018 19:00:36: The stack pointer for stack 'CSTACK' (currently 0x00201F48) is outside the stack range (0x0020CA30 to 0x0020DA30)
Sat Jan 27, 2018 19:00:51: The stack pointer for stack 'CSTACK' (currently 0x00201F48) is outside the stack range (0x0020CA30 to 0x0020DA30)
Sat Jan 27, 2018 19:00:52: The stack pointer for stack 'CSTACK' (currently 0x00201F48) is outside the stack range (0x0020CA30 to 0x0020DA30)
Sat Jan 27, 2018 19:00:56: The stack pointer for stack 'CSTACK' (currently 0x00201F48) is outside the stack range (0x0020CA30 to 0x0020DA30)
Sat Jan 27, 2018 19:01:15: The stack pointer for stack 'CSTACK' (currently 0x00201F48) is outside the stack range (0x0020CA30 to 0x0020DA30)
Sat Jan 27, 2018 19:01:23: The stack pointer for stack 'CSTACK' (currently 0x00201F48) is outside the stack range (0x0020CA30 to 0x0020DA30)
Sat Jan 27, 2018 19:01:25: The stack pointer for stack 'CSTACK' (currently 0x00201F48) is outside the stack range (0x0020CA30 to 0x0020DA30)
Sat Jan 27, 2018 19:01:26: The stack pointer for stack 'CSTACK' (currently 0x00201F48) is outside the stack range (0x0020CA30 to 0x0020DA30)
Sat Jan 27, 2018 19:01:29: The stack pointer for stack 'CSTACK' (currently 0x00201F48) is outside the stack range (0x0020CA30 to 0x0020DA30)
Sat Jan 27, 2018 19:01:32: The stack pointer for stack 'CSTACK' (currently 0x00201F48) is outside the stack range (0x0020CA30 to 0x0020DA30)
Sat Jan 27, 2018 19:01:33: The stack pointer for stack 'CSTACK' (currently 0x00201F48) is outside the stack range (0x0020CA30 to 0x0020DA30)
Sat Jan 27, 2018 19:01:35: The stack pointer for stack 'CSTACK' (currently 0x00201F48) is outside the stack range (0x0020CA30 to 0x0020DA30)
Sat Jan 27, 2018 19:01:36: The stack pointer for stack 'CSTACK' (currently 0x00201F48) is outside the stack range (0x0020CA30 to 0x0020DA30)
Sat Jan 27, 2018 19:01:42: The stack pointer for stack 'CSTACK' (currently 0x00201F48) is outside the stack range (0x0020CA30 to 0x0020DA30)
Sat Jan 27, 2018 19:01:42: The stack pointer for stack 'CSTACK' (currently 0x00201F48) is outside the stack range (0x0020CA30 to 0x0020DA30)
Sat Jan 27, 2018 19:02:03: The stack pointer for stack 'CSTACK' (currently 0x00201F48) is outside the stack range (0x0020CA30 to 0x0020DA30)
Sat Jan 27, 2018 19:02:06: The stack pointer for stack 'CSTACK' (currently 0x00201F48) is outside the stack range (0x0020CA30 to 0x0020DA30)
Sat Jan 27, 2018 19:02:06: The stack pointer for stack 'CSTACK' (currently 0x00201F48) is outside the stack range (0x0020CA30 to 0x0020DA30)
Sat Jan 27, 2018 19:02:12: The stack pointer for stack 'CSTACK' (currently 0x00201F48) is outside the stack range (0x0020CA30 to 0x0020DA30)
Sat Jan 27, 2018 19:02:13: The stack pointer for stack 'CSTACK' (currently 0x00201F48) is outside the stack range (0x0020CA30 to 0x0020DA30)
Sat Jan 27, 2018 19:02:30: The stack pointer for stack 'CSTACK' (currently 0x00201F48) is outside the stack range (0x0020CA30 to 0x0020DA30)
Sat Jan 27, 2018 19:02:33: The stack pointer for stack 'CSTACK' (currently 0x00201F48) is outside the stack range (0x0020CA30 to 0x0020DA30)
Sat Jan 27, 2018 19:02:35: The stack pointer for stack 'CSTACK' (currently 0x00201F48) is outside the stack range (0x0020CA30 to 0x0020DA30)
Sat Jan 27, 2018 19:02:38: The stack pointer for stack 'CSTACK' (currently 0x00201F48) is outside the stack range (0x0020CA30 to 0x0020DA30)
Sat Jan 27, 2018 19:02:49: The stack pointer for stack 'CSTACK' (currently 0x00201F48) is outside the stack range (0x0020CA30 to 0x0020DA30)
Sat Jan 27, 2018 19:03:16: The stack pointer for stack 'CSTACK' (currently 0x00201F48) is outside the stack range (0x0020CA30 to 0x0020DA30)
Sat Jan 27, 2018 19:03:25: The stack pointer for stack 'CSTACK' (currently 0x00201F48) is outside the stack range (0x0020CA30 to 0x0020DA30)
Sat Jan 27, 2018 19:03:57: The stack pointer for stack 'CSTACK' (currently 0x00201F48) is outside the stack range (0x0020CA30 to 0x0020DA30)
Sat Jan 27, 2018 19:03:58: The stack pointer for stack 'CSTACK' (currently 0x00201F48) is outside the stack range (0x0020CA30 to 0x0020DA30)
Sat Jan 27, 2018 19:04:01: The stack pointer for stack 'CSTACK' (currently 0x00201F48) is outside the stack range (0x0020CA30 to 0x0020DA30)
Sat Jan 27, 2018 19:04:04: The stack pointer for stack 'CSTACK' (currently 0x00201F48) is outside the stack range (0x0020CA30 to 0x0020DA30)
Sat Jan 27, 2018 19:04:05: The stack pointer for stack 'CSTACK' (currently 0x00201F78) is outside the stack range (0x0020CA30 to 0x0020DA30)
Sat Jan 27, 2018 19:04:15: The stack pointer for stack 'CSTACK' (currently 0x00201F78) is outside the stack range (0x0020CA30 to 0x0020DA30)
Sat Jan 27, 2018 19:04:16: The stack pointer for stack 'CSTACK' (currently 0x00201F78) is outside the stack range (0x0020CA30 to 0x0020DA30)
Sat Jan 27, 2018 19:04:23: The stack pointer for stack 'CSTACK' (currently 0x00201F78) is outside the stack range (0x0020CA30 to 0x0020DA30)
Sat Jan 27, 2018 19:04:38: The stack pointer for stack 'CSTACK' (currently 0x00201F78) is outside the stack range (0x0020CA30 to 0x0020DA30)
Sat Jan 27, 2018 19:05:01: The stack pointer for stack 'CSTACK' (currently 0x00201F78) is outside the stack range (0x0020CA30 to 0x0020DA30)
Sat Jan 27, 2018 19:05:06: The stack pointer for stack 'CSTACK' (currently 0x00201F78) is outside the stack range (0x0020CA30 to 0x0020DA30)
Sat Jan 27, 2018 19:05:11: The stack pointer for stack 'CSTACK' (currently 0x00201F78) is outside the stack range (0x0020CA30 to 0x0020DA30)
Sat Jan 27, 2018 19:05:15: The stack pointer for stack 'CSTACK' (currently 0x00201F78) is outside the stack range (0x0020CA30 to 0x0020DA30)
Sat Jan 27, 2018 19:05:19: The stack pointer for stack 'CSTACK' (currently 0x00201F78) is outside the stack range (0x0020CA30 to 0x0020DA30)
Sat Jan 27, 2018 19:05:21: The stack pointer for stack 'CSTACK' (currently 0x00201F78) is outside the stack range (0x0020CA30 to 0x0020DA30)
Sat Jan 27, 2018 19:05:21: The stack pointer for stack 'CSTACK' (currently 0x00201F78) is outside the stack range (0x0020CA30 to 0x0020DA30)
Sat Jan 27, 2018 19:05:22: The stack pointer for stack 'CSTACK' (currently 0x00201F78) is outside the stack range (0x0020CA30 to 0x0020DA30)
Sat Jan 27, 2018 19:05:27: The stack pointer for stack 'CSTACK' (currently 0x00201F78) is outside the stack range (0x0020CA30 to 0x0020DA30)
Sat Jan 27, 2018 19:05:28: The stack pointer for stack 'CSTACK' (currently 0x00201F78) is outside the stack range (0x0020CA30 to 0x0020DA30)
Sat Jan 27, 2018 19:05:29: The stack pointer for stack 'CSTACK' (currently 0x00201F78) is outside the stack range (0x0020CA30 to 0x0020DA30)
Sat Jan 27, 2018 19:05:30: The stack pointer for stack 'CSTACK' (currently 0x00201F78) is outside the stack range (0x0020CA30 to 0x0020DA30)
Sat Jan 27, 2018 19:05:32: The stack pointer for stack 'CSTACK' (currently 0x00201F78) is outside the stack range (0x0020CA30 to 0x0020DA30)
Sat Jan 27, 2018 19:05:49: The stack pointer for stack 'CSTACK' (currently 0x00201F78) is outside the stack range (0x0020CA30 to 0x0020DA30)
Sat Jan 27, 2018 19:05:51: The stack pointer for stack 'CSTACK' (currently 0x00201F78) is outside the stack range (0x0020CA30 to 0x0020DA30)
Sat Jan 27, 2018 19:05:52: The stack pointer for stack 'CSTACK' (currently 0x00201F78) is outside the stack range (0x0020CA30 to 0x0020DA30)
Sat Jan 27, 2018 19:06:00: The stack pointer for stack 'CSTACK' (currently 0x00201F78) is outside the stack range (0x0020CA30 to 0x0020DA30)
Sat Jan 27, 2018 19:06:06: The stack pointer for stack 'CSTACK' (currently 0x00201F78) is outside the stack range (0x0020CA30 to 0x0020DA30)
Sat Jan 27, 2018 19:06:07: The stack pointer for stack 'CSTACK' (currently 0x00201F78) is outside the stack range (0x0020CA30 to 0x0020DA30)
Sat Jan 27, 2018 19:06:14: The stack pointer for stack 'CSTACK' (currently 0x00201F78) is outside the stack range (0x0020CA30 to 0x0020DA30)
Sat Jan 27, 2018 19:06:25: The stack pointer for stack 'CSTACK' (currently 0x00201F78) is outside the stack range (0x0020CA30 to 0x0020DA30)
Sat Jan 27, 2018 19:08:04: The stack pointer for stack 'CSTACK' (currently 0x00201F78) is outside the stack range (0x0020CA30 to 0x0020DA30)
Sat Jan 27, 2018 19:08:07: The stack pointer for stack 'CSTACK' (currently 0x00201F78) is outside the stack range (0x0020CA30 to 0x0020DA30)
Sat Jan 27, 2018 19:08:15: The stack pointer for stack 'CSTACK' (currently 0x00201F78) is outside the stack range (0x0020CA30 to 0x0020DA30)
Sat Jan 27, 2018 19:08:17: The stack pointer for stack 'CSTACK' (currently 0x00201F78) is outside the stack range (0x0020CA30 to 0x0020DA30)
Sat Jan 27, 2018 19:08:18: The stack pointer for stack 'CSTACK' (currently 0x00201F78) is outside the stack range (0x0020CA30 to 0x0020DA30)
Sat Jan 27, 2018 19:08:20: The stack pointer for stack 'CSTACK' (currently 0x00201F78) is outside the stack range (0x0020CA30 to 0x0020DA30)
Sat Jan 27, 2018 19:08:20: The stack pointer for stack 'CSTACK' (currently 0x00201F78) is outside the stack range (0x0020CA30 to 0x0020DA30)
Sat Jan 27, 2018 19:08:21: The stack pointer for stack 'CSTACK' (currently 0x00201F78) is outside the stack range (0x0020CA30 to 0x0020DA30)
Sat Jan 27, 2018 19:08:22: The stack pointer for stack 'CSTACK' (currently 0x00201F78) is outside the stack range (0x0020CA30 to 0x0020DA30)
Sat Jan 27, 2018 19:08:22: The stack pointer for stack 'CSTACK' (currently 0x00201F78) is outside the stack range (0x0020CA30 to 0x0020DA30)
Sat Jan 27, 2018 19:08:25: The stack pointer for stack 'CSTACK' (currently 0x00201F78) is outside the stack range (0x0020CA30 to 0x0020DA30)
Sat Jan 27, 2018 19:08:26: The stack pointer for stack 'CSTACK' (currently 0x00201F78) is outside the stack range (0x0020CA30 to 0x0020DA30)
Sat Jan 27, 2018 19:08:27: The stack pointer for stack 'CSTACK' (currently 0x00201F78) is outside the stack range (0x0020CA30 to 0x0020DA30)
Sat Jan 27, 2018 19:08:28: The stack pointer for stack 'CSTACK' (currently 0x00201F78) is outside the stack range (0x0020CA30 to 0x0020DA30)
Sat Jan 27, 2018 19:08:30: The stack pointer for stack 'CSTACK' (currently 0x00201F78) is outside the stack range (0x0020CA30 to 0x0020DA30)
Sat Jan 27, 2018 19:08:31: The stack pointer for stack 'CSTACK' (currently 0x00201F78) is outside the stack range (0x0020CA30 to 0x0020DA30)
Sat Jan 27, 2018 19:08:32: Breakpoint hit: Code @ mapping.c:147.2, type: default (auto) 
Sat Jan 27, 2018 19:08:32: The stack pointer for stack 'CSTACK' (currently 0x00201F48) is outside the stack range (0x0020CA30 to 0x0020DA30)
Sat Jan 27, 2018 19:08:33: The stack pointer for stack 'CSTACK' (currently 0x00201F48) is outside the stack range (0x0020CA30 to 0x0020DA30)
Sat Jan 27, 2018 19:08:34: The stack pointer for stack 'CSTACK' (currently 0x00201F48) is outside the stack range (0x0020CA30 to 0x0020DA30)
Sat Jan 27, 2018 19:08:34: The stack pointer for stack 'CSTACK' (currently 0x00201F48) is outside the stack range (0x0020CA30 to 0x0020DA30)
Sat Jan 27, 2018 19:08:34: The stack pointer for stack 'CSTACK' (currently 0x00201F48) is outside the stack range (0x0020CA30 to 0x0020DA30)
Sat Jan 27, 2018 19:08:35: The stack pointer for stack 'CSTACK' (currently 0x00201F48) is outside the stack range (0x0020CA30 to 0x0020DA30)
Sat Jan 27, 2018 19:08:35: The stack pointer for stack 'CSTACK' (currently 0x00201F48) is outside the stack range (0x0020CA30 to 0x0020DA30)
Sat Jan 27, 2018 19:08:35: The stack pointer for stack 'CSTACK' (currently 0x00201F48) is outside the stack range (0x0020CA30 to 0x0020DA30)
Sat Jan 27, 2018 19:08:35: The stack pointer for stack 'CSTACK' (currently 0x00201F48) is outside the stack range (0x0020CA30 to 0x0020DA30)
Sat Jan 27, 2018 19:08:36: The stack pointer for stack 'CSTACK' (currently 0x00201F48) is outside the stack range (0x0020CA30 to 0x0020DA30)
Sat Jan 27, 2018 19:08:36: The stack pointer for stack 'CSTACK' (currently 0x00201F48) is outside the stack range (0x0020CA30 to 0x0020DA30)
Sat Jan 27, 2018 19:08:36: The stack pointer for stack 'CSTACK' (currently 0x00201F48) is outside the stack range (0x0020CA30 to 0x0020DA30)
Sat Jan 27, 2018 19:08:36: The stack pointer for stack 'CSTACK' (currently 0x00201F48) is outside the stack range (0x0020CA30 to 0x0020DA30)
Sat Jan 27, 2018 19:08:36: The stack pointer for stack 'CSTACK' (currently 0x00201F48) is outside the stack range (0x0020CA30 to 0x0020DA30)
Sat Jan 27, 2018 19:08:37: The stack pointer for stack 'CSTACK' (currently 0x00201F48) is outside the stack range (0x0020CA30 to 0x0020DA30)
Sat Jan 27, 2018 19:08:37: The stack pointer for stack 'CSTACK' (currently 0x00201F48) is outside the stack range (0x0020CA30 to 0x0020DA30)
Sat Jan 27, 2018 19:08:37: The stack pointer for stack 'CSTACK' (currently 0x00201F48) is outside the stack range (0x0020CA30 to 0x0020DA30)
Sat Jan 27, 2018 19:08:37: The stack pointer for stack 'CSTACK' (currently 0x00201F48) is outside the stack range (0x0020CA30 to 0x0020DA30)
Sat Jan 27, 2018 19:08:38: The stack pointer for stack 'CSTACK' (currently 0x00201F48) is outside the stack range (0x0020CA30 to 0x0020DA30)
Sat Jan 27, 2018 19:08:38: The stack pointer for stack 'CSTACK' (currently 0x00201F48) is outside the stack range (0x0020CA30 to 0x0020DA30)
Sat Jan 27, 2018 19:08:38: The stack pointer for stack 'CSTACK' (currently 0x00201F48) is outside the stack range (0x0020CA30 to 0x0020DA30)
Sat Jan 27, 2018 19:08:38: The stack pointer for stack 'CSTACK' (currently 0x00201F48) is outside the stack range (0x0020CA30 to 0x0020DA30)
Sat Jan 27, 2018 19:08:39: The stack pointer for stack 'CSTACK' (currently 0x00201F48) is outside the stack range (0x0020CA30 to 0x0020DA30)
Sat Jan 27, 2018 19:08:39: The stack pointer for stack 'CSTACK' (currently 0x00201F48) is outside the stack range (0x0020CA30 to 0x0020DA30)
Sat Jan 27, 2018 19:08:39: The stack pointer for stack 'CSTACK' (currently 0x00201F48) is outside the stack range (0x0020CA30 to 0x0020DA30)
Sat Jan 27, 2018 19:08:40: The stack pointer for stack 'CSTACK' (currently 0x00201F48) is outside the stack range (0x0020CA30 to 0x0020DA30)
Sat Jan 27, 2018 19:08:47: The stack pointer for stack 'CSTACK' (currently 0x00201F48) is outside the stack range (0x0020CA30 to 0x0020DA30)
Sat Jan 27, 2018 19:08:47: The stack pointer for stack 'CSTACK' (currently 0x00201F48) is outside the stack range (0x0020CA30 to 0x0020DA30)
Sat Jan 27, 2018 19:08:48: The stack pointer for stack 'CSTACK' (currently 0x00201F48) is outside the stack range (0x0020CA30 to 0x0020DA30)
Sat Jan 27, 2018 19:08:48: The stack pointer for stack 'CSTACK' (currently 0x00201F48) is outside the stack range (0x0020CA30 to 0x0020DA30)
Sat Jan 27, 2018 19:08:49: The stack pointer for stack 'CSTACK' (currently 0x00201F78) is outside the stack range (0x0020CA30 to 0x0020DA30)
Sat Jan 27, 2018 19:08:49: The stack pointer for stack 'CSTACK' (currently 0x00201F78) is outside the stack range (0x0020CA30 to 0x0020DA30)
Sat Jan 27, 2018 19:08:50: The stack pointer for stack 'CSTACK' (currently 0x00201F78) is outside the stack range (0x0020CA30 to 0x0020DA30)
Sat Jan 27, 2018 19:08:51: The stack pointer for stack 'CSTACK' (currently 0x00201F78) is outside the stack range (0x0020CA30 to 0x0020DA30)
Sat Jan 27, 2018 19:08:51: The stack pointer for stack 'CSTACK' (currently 0x00201F78) is outside the stack range (0x0020CA30 to 0x0020DA30)
Sat Jan 27, 2018 19:08:51: The stack pointer for stack 'CSTACK' (currently 0x00201F78) is outside the stack range (0x0020CA30 to 0x0020DA30)
Sat Jan 27, 2018 19:08:52: The stack pointer for stack 'CSTACK' (currently 0x00201F78) is outside the stack range (0x0020CA30 to 0x0020DA30)
Sat Jan 27, 2018 19:08:52: The stack pointer for stack 'CSTACK' (currently 0x00201F78) is outside the stack range (0x0020CA30 to 0x0020DA30)
Sat Jan 27, 2018 19:08:53: The stack pointer for stack 'CSTACK' (currently 0x00201F78) is outside the stack range (0x0020CA30 to 0x0020DA30)
Sat Jan 27, 2018 19:08:53: The stack pointer for stack 'CSTACK' (currently 0x00201F78) is outside the stack range (0x0020CA30 to 0x0020DA30)
Sat Jan 27, 2018 19:08:54: The stack pointer for stack 'CSTACK' (currently 0x00201F78) is outside the stack range (0x0020CA30 to 0x0020DA30)
Sat Jan 27, 2018 19:08:54: The stack pointer for stack 'CSTACK' (currently 0x00201F78) is outside the stack range (0x0020CA30 to 0x0020DA30)
Sat Jan 27, 2018 19:08:54: The stack pointer for stack 'CSTACK' (currently 0x00201F78) is outside the stack range (0x0020CA30 to 0x0020DA30)
Sat Jan 27, 2018 19:08:55: The stack pointer for stack 'CSTACK' (currently 0x00201F78) is outside the stack range (0x0020CA30 to 0x0020DA30)
Sat Jan 27, 2018 19:08:55: The stack pointer for stack 'CSTACK' (currently 0x00201F78) is outside the stack range (0x0020CA30 to 0x0020DA30)
Sat Jan 27, 2018 19:08:56: The stack pointer for stack 'CSTACK' (currently 0x00201F78) is outside the stack range (0x0020CA30 to 0x0020DA30)
Sat Jan 27, 2018 19:08:56: The stack pointer for stack 'CSTACK' (currently 0x00201F78) is outside the stack range (0x0020CA30 to 0x0020DA30)
Sat Jan 27, 2018 19:08:57: The stack pointer for stack 'CSTACK' (currently 0x00201F78) is outside the stack range (0x0020CA30 to 0x0020DA30)
Sat Jan 27, 2018 19:08:57: The stack pointer for stack 'CSTACK' (currently 0x00201F78) is outside the stack range (0x0020CA30 to 0x0020DA30)
Sat Jan 27, 2018 19:08:57: The stack pointer for stack 'CSTACK' (currently 0x00201F78) is outside the stack range (0x0020CA30 to 0x0020DA30)
Sat Jan 27, 2018 19:08:58: The stack pointer for stack 'CSTACK' (currently 0x00201F78) is outside the stack range (0x0020CA30 to 0x0020DA30)
Sat Jan 27, 2018 19:08:58: The stack pointer for stack 'CSTACK' (currently 0x00201F78) is outside the stack range (0x0020CA30 to 0x0020DA30)
Sat Jan 27, 2018 19:08:59: The stack pointer for stack 'CSTACK' (currently 0x00201F78) is outside the stack range (0x0020CA30 to 0x0020DA30)
Sat Jan 27, 2018 19:08:59: The stack pointer for stack 'CSTACK' (currently 0x00201F78) is outside the stack range (0x0020CA30 to 0x0020DA30)


 << Logging to file resumes >> 

Sat Jan 27, 2018 19:32:31: Loaded macro file: C:\Program Files (x86)\IAR Systems\Embedded Workbench 8.0\arm\config\flashloader\ATMEL\resources\FlashAT91SAM7Sxx.mac
Sat Jan 27, 2018 19:32:32: JLINK command: ProjectFile = C:\Users\geirhei\Documents\nxt-robot\NXT\ARM7_AT91SAM7S64_IAR\settings\nxt_kartlegging_Flash Bin.jlink, return = 0

Sat Jan 27, 2018 19:32:32: Device "AT91SAM7S256" selected.
Sat Jan 27, 2018 19:32:32: DLL version: V6.20f, compiled Oct 13 2017 17:18:41

Sat Jan 27, 2018 19:32:32: Firmware: J-Link V9 compiled Dec  1 2017 14:40:21

Sat Jan 27, 2018 19:32:32: JTAG speed is initially set to: 1000 kHz
Sat Jan 27, 2018 19:32:32: Initial reset was performed
Sat Jan 27, 2018 19:32:32: TotalIRLen = 4, IRPrint = 0x01
Sat Jan 27, 2018 19:32:32: JTAG chain detection found 1 devices:
Sat Jan 27, 2018 19:32:32:  #0 Id: 0x3F0F0F0F, IRLen: 04, ARM7TDMI Core
Sat Jan 27, 2018 19:32:32: Found 1 JTAG device, Total IRLen = 4:

Sat Jan 27, 2018 19:32:32:  #0 Id: 0x3F0F0F0F, IRLen:  4, IRPrint: 0x1 ARM7TDMI Core

Sat Jan 27, 2018 19:32:32: J-Link found 1 JTAG device(s). ARM core Id: 3F0F0F0F ARM7

Sat Jan 27, 2018 19:32:32:  ---------------------------------------- FLASH Download V1.3
Sat Jan 27, 2018 19:32:32:  ---------------------------------------- 14/November/2005
Sat Jan 27, 2018 19:32:32:  ---------------------------------------- PLL Enable 
Sat Jan 27, 2018 19:32:32: -------------------------------Set CPSR  ----------------------------------
Sat Jan 27, 2018 19:32:32: CPSR     000000D3
Sat Jan 27, 2018 19:32:32:  ---------------------------------------- PLL Enable 
Sat Jan 27, 2018 19:32:32: ------------------------------- The Remap is NOT -----------------------------------------
Sat Jan 27, 2018 19:32:32:  ---------------------------------------- Chip ID   0x270B0941
Sat Jan 27, 2018 19:32:32:  ---------------------------------------- Extention 0x00000000
Sat Jan 27, 2018 19:32:32:  ---------------------------------------- Flash Version 0x00000112
Sat Jan 27, 2018 19:32:32: -------------------------------Set PC ----------------------------------------
Sat Jan 27, 2018 19:32:32: Adaptive clocking not supported for selected CPU core. Only supported for -S cores.
Sat Jan 27, 2018 19:32:32: Auto JTAG speed: 8000 kHz
Sat Jan 27, 2018 19:32:32: 8448 bytes downloaded (87.77 Kbytes/sec)
Sat Jan 27, 2018 19:32:32: Loaded debugee: C:\Program Files (x86)\IAR Systems\Embedded Workbench 8.0\arm\config\flashloader\ATMEL\AT91SAM7S256-EK\internalflash-sam7s256.out
Sat Jan 27, 2018 19:32:32: Target reset
Sat Jan 27, 2018 19:32:32: -I- Internal flash loader
Sat Jan 27, 2018 19:32:32: -I- Unlock arguments: address 0x00100000 of 0x4000 Bytes
Sat Jan 27, 2018 19:32:32: -I- Write arguments: address 0x00100000,  offset 0x0 of 0x4000 Bytes
Sat Jan 27, 2018 19:32:33: -I- Unlock arguments: address 0x00104000 of 0x4000 Bytes
Sat Jan 27, 2018 19:32:33: -I- Write arguments: address 0x00104000,  offset 0x0 of 0x3700 Bytes
Sat Jan 27, 2018 19:32:33: execUserFlashExit
Sat Jan 27, 2018 19:32:33: ------------------------------- The Remap is done -----------------------------------------
Sat Jan 27, 2018 19:32:33: Unloaded macro file: C:\Program Files (x86)\IAR Systems\Embedded Workbench 8.0\arm\config\flashloader\ATMEL\resources\FlashAT91SAM7Sxx.mac
Sat Jan 27, 2018 19:32:33: Downloaded C:\Users\geirhei\Documents\nxt-robot\NXT\ARM7_AT91SAM7S64_IAR\Flash Bin\Exe\rtosdemo.out to flash memory.
Sat Jan 27, 2018 19:32:34: 30459 bytes downloaded into FLASH (24.42 Kbytes/sec)
Sat Jan 27, 2018 19:32:34: Loaded debugee: C:\Users\geirhei\Documents\nxt-robot\NXT\ARM7_AT91SAM7S64_IAR\Flash Bin\Exe\rtosdemo.out
Sat Jan 27, 2018 19:32:34: Software reset was performed
Sat Jan 27, 2018 19:32:34: Target reset
Sat Jan 27, 2018 19:32:36: Error (col 15): No such field. 
Sat Jan 27, 2018 19:32:36: Error (col 15): No such field. 
Sat Jan 27, 2018 19:32:36: Error (col 15): No such field. 
